<?xml version="1.0" encoding="UTF-8"?>
<testsuite xmlns:xsi="http://www.w3.org/2001/XMLSchema-instance" xsi:noNamespaceSchemaLocation="https://maven.apache.org/surefire/maven-surefire-plugin/xsd/surefire-test-report-3.0.xsd" version="3.0" name="IEntityTest" time="0.145" tests="2" errors="0" skipped="0" failures="0">
  <properties>
    <property name="java.specification.version" value="17"/>
    <property name="sun.jnu.encoding" value="UTF-8"/>
    <property name="java.class.path" value="/Users/zeroffa/AwesomeVirtualCampus/Origin_VCampus_Maven/server/target/test-classes:/Users/zeroffa/AwesomeVirtualCampus/Origin_VCampus_Maven/server/target/classes:/Users/zeroffa/.m2/repository/io/netty/netty-all/4.1.97.Final/netty-all-4.1.97.Final.jar:/Users/zeroffa/.m2/repository/io/netty/netty-buffer/4.1.97.Final/netty-buffer-4.1.97.Final.jar:/Users/zeroffa/.m2/repository/io/netty/netty-codec/4.1.97.Final/netty-codec-4.1.97.Final.jar:/Users/zeroffa/.m2/repository/io/netty/netty-codec-dns/4.1.97.Final/netty-codec-dns-4.1.97.Final.jar:/Users/zeroffa/.m2/repository/io/netty/netty-codec-haproxy/4.1.97.Final/netty-codec-haproxy-4.1.97.Final.jar:/Users/zeroffa/.m2/repository/io/netty/netty-codec-http/4.1.97.Final/netty-codec-http-4.1.97.Final.jar:/Users/zeroffa/.m2/repository/io/netty/netty-codec-http2/4.1.97.Final/netty-codec-http2-4.1.97.Final.jar:/Users/zeroffa/.m2/repository/io/netty/netty-codec-memcache/4.1.97.Final/netty-codec-memcache-4.1.97.Final.jar:/Users/zeroffa/.m2/repository/io/netty/netty-codec-mqtt/4.1.97.Final/netty-codec-mqtt-4.1.97.Final.jar:/Users/zeroffa/.m2/repository/io/netty/netty-codec-redis/4.1.97.Final/netty-codec-redis-4.1.97.Final.jar:/Users/zeroffa/.m2/repository/io/netty/netty-codec-smtp/4.1.97.Final/netty-codec-smtp-4.1.97.Final.jar:/Users/zeroffa/.m2/repository/io/netty/netty-codec-socks/4.1.97.Final/netty-codec-socks-4.1.97.Final.jar:/Users/zeroffa/.m2/repository/io/netty/netty-codec-stomp/4.1.97.Final/netty-codec-stomp-4.1.97.Final.jar:/Users/zeroffa/.m2/repository/io/netty/netty-codec-xml/4.1.97.Final/netty-codec-xml-4.1.97.Final.jar:/Users/zeroffa/.m2/repository/io/netty/netty-common/4.1.97.Final/netty-common-4.1.97.Final.jar:/Users/zeroffa/.m2/repository/io/netty/netty-handler/4.1.97.Final/netty-handler-4.1.97.Final.jar:/Users/zeroffa/.m2/repository/io/netty/netty-transport-native-unix-common/4.1.97.Final/netty-transport-native-unix-common-4.1.97.Final.jar:/Users/zeroffa/.m2/repository/io/netty/netty-handler-proxy/4.1.97.Final/netty-handler-proxy-4.1.97.Final.jar:/Users/zeroffa/.m2/repository/io/netty/netty-handler-ssl-ocsp/4.1.97.Final/netty-handler-ssl-ocsp-4.1.97.Final.jar:/Users/zeroffa/.m2/repository/io/netty/netty-resolver/4.1.97.Final/netty-resolver-4.1.97.Final.jar:/Users/zeroffa/.m2/repository/io/netty/netty-resolver-dns/4.1.97.Final/netty-resolver-dns-4.1.97.Final.jar:/Users/zeroffa/.m2/repository/io/netty/netty-transport/4.1.97.Final/netty-transport-4.1.97.Final.jar:/Users/zeroffa/.m2/repository/io/netty/netty-transport-rxtx/4.1.97.Final/netty-transport-rxtx-4.1.97.Final.jar:/Users/zeroffa/.m2/repository/io/netty/netty-transport-sctp/4.1.97.Final/netty-transport-sctp-4.1.97.Final.jar:/Users/zeroffa/.m2/repository/io/netty/netty-transport-udt/4.1.97.Final/netty-transport-udt-4.1.97.Final.jar:/Users/zeroffa/.m2/repository/io/netty/netty-transport-classes-epoll/4.1.97.Final/netty-transport-classes-epoll-4.1.97.Final.jar:/Users/zeroffa/.m2/repository/io/netty/netty-transport-classes-kqueue/4.1.97.Final/netty-transport-classes-kqueue-4.1.97.Final.jar:/Users/zeroffa/.m2/repository/io/netty/netty-resolver-dns-classes-macos/4.1.97.Final/netty-resolver-dns-classes-macos-4.1.97.Final.jar:/Users/zeroffa/.m2/repository/io/netty/netty-transport-native-epoll/4.1.97.Final/netty-transport-native-epoll-4.1.97.Final-linux-x86_64.jar:/Users/zeroffa/.m2/repository/io/netty/netty-transport-native-epoll/4.1.97.Final/netty-transport-native-epoll-4.1.97.Final-linux-aarch_64.jar:/Users/zeroffa/.m2/repository/io/netty/netty-transport-native-kqueue/4.1.97.Final/netty-transport-native-kqueue-4.1.97.Final-osx-x86_64.jar:/Users/zeroffa/.m2/repository/io/netty/netty-transport-native-kqueue/4.1.97.Final/netty-transport-native-kqueue-4.1.97.Final-osx-aarch_64.jar:/Users/zeroffa/.m2/repository/io/netty/netty-resolver-dns-native-macos/4.1.97.Final/netty-resolver-dns-native-macos-4.1.97.Final-osx-x86_64.jar:/Users/zeroffa/.m2/repository/io/netty/netty-resolver-dns-native-macos/4.1.97.Final/netty-resolver-dns-native-macos-4.1.97.Final-osx-aarch_64.jar:/Users/zeroffa/.m2/repository/com/google/code/gson/gson/2.10.1/gson-2.10.1.jar:/Users/zeroffa/.m2/repository/org/slf4j/slf4j-api/2.0.7/slf4j-api-2.0.7.jar:/Users/zeroffa/.m2/repository/ch/qos/logback/logback-classic/1.4.11/logback-classic-1.4.11.jar:/Users/zeroffa/.m2/repository/ch/qos/logback/logback-core/1.4.11/logback-core-1.4.11.jar:/Users/zeroffa/.m2/repository/org/hibernate/orm/hibernate-core/6.2.7.Final/hibernate-core-6.2.7.Final.jar:/Users/zeroffa/.m2/repository/jakarta/persistence/jakarta.persistence-api/3.1.0/jakarta.persistence-api-3.1.0.jar:/Users/zeroffa/.m2/repository/jakarta/transaction/jakarta.transaction-api/2.0.1/jakarta.transaction-api-2.0.1.jar:/Users/zeroffa/.m2/repository/org/jboss/logging/jboss-logging/3.5.0.Final/jboss-logging-3.5.0.Final.jar:/Users/zeroffa/.m2/repository/org/hibernate/common/hibernate-commons-annotations/6.0.6.Final/hibernate-commons-annotations-6.0.6.Final.jar:/Users/zeroffa/.m2/repository/io/smallrye/jandex/3.0.5/jandex-3.0.5.jar:/Users/zeroffa/.m2/repository/com/fasterxml/classmate/1.5.1/classmate-1.5.1.jar:/Users/zeroffa/.m2/repository/net/bytebuddy/byte-buddy/1.12.18/byte-buddy-1.12.18.jar:/Users/zeroffa/.m2/repository/jakarta/xml/bind/jakarta.xml.bind-api/4.0.0/jakarta.xml.bind-api-4.0.0.jar:/Users/zeroffa/.m2/repository/jakarta/activation/jakarta.activation-api/2.1.0/jakarta.activation-api-2.1.0.jar:/Users/zeroffa/.m2/repository/org/glassfish/jaxb/jaxb-runtime/4.0.2/jaxb-runtime-4.0.2.jar:/Users/zeroffa/.m2/repository/org/glassfish/jaxb/jaxb-core/4.0.2/jaxb-core-4.0.2.jar:/Users/zeroffa/.m2/repository/org/eclipse/angus/angus-activation/2.0.0/angus-activation-2.0.0.jar:/Users/zeroffa/.m2/repository/org/glassfish/jaxb/txw2/4.0.2/txw2-4.0.2.jar:/Users/zeroffa/.m2/repository/com/sun/istack/istack-commons-runtime/4.1.1/istack-commons-runtime-4.1.1.jar:/Users/zeroffa/.m2/repository/jakarta/inject/jakarta.inject-api/2.0.1/jakarta.inject-api-2.0.1.jar:/Users/zeroffa/.m2/repository/org/antlr/antlr4-runtime/4.10.1/antlr4-runtime-4.10.1.jar:/Users/zeroffa/.m2/repository/com/mysql/mysql-connector-j/8.0.33/mysql-connector-j-8.0.33.jar:/Users/zeroffa/.m2/repository/com/google/protobuf/protobuf-java/3.21.9/protobuf-java-3.21.9.jar:/Users/zeroffa/.m2/repository/org/springframework/security/spring-security-crypto/6.1.3/spring-security-crypto-6.1.3.jar:/Users/zeroffa/.m2/repository/org/bouncycastle/bcprov-jdk18on/1.76/bcprov-jdk18on-1.76.jar:/Users/zeroffa/.m2/repository/com/fasterxml/jackson/core/jackson-databind/2.15.2/jackson-databind-2.15.2.jar:/Users/zeroffa/.m2/repository/com/fasterxml/jackson/core/jackson-annotations/2.15.2/jackson-annotations-2.15.2.jar:/Users/zeroffa/.m2/repository/com/fasterxml/jackson/core/jackson-core/2.15.2/jackson-core-2.15.2.jar:/Users/zeroffa/.m2/repository/com/alibaba/easyexcel/3.3.2/easyexcel-3.3.2.jar:/Users/zeroffa/.m2/repository/com/alibaba/easyexcel-core/3.3.2/easyexcel-core-3.3.2.jar:/Users/zeroffa/.m2/repository/com/alibaba/easyexcel-support/3.3.2/easyexcel-support-3.3.2.jar:/Users/zeroffa/.m2/repository/org/apache/poi/poi/4.1.2/poi-4.1.2.jar:/Users/zeroffa/.m2/repository/commons-codec/commons-codec/1.13/commons-codec-1.13.jar:/Users/zeroffa/.m2/repository/org/apache/commons/commons-collections4/4.4/commons-collections4-4.4.jar:/Users/zeroffa/.m2/repository/org/apache/commons/commons-math3/3.6.1/commons-math3-3.6.1.jar:/Users/zeroffa/.m2/repository/com/zaxxer/SparseBitSet/1.2/SparseBitSet-1.2.jar:/Users/zeroffa/.m2/repository/org/apache/poi/poi-ooxml/4.1.2/poi-ooxml-4.1.2.jar:/Users/zeroffa/.m2/repository/org/apache/commons/commons-compress/1.19/commons-compress-1.19.jar:/Users/zeroffa/.m2/repository/com/github/virtuald/curvesapi/1.06/curvesapi-1.06.jar:/Users/zeroffa/.m2/repository/org/apache/poi/poi-ooxml-schemas/4.1.2/poi-ooxml-schemas-4.1.2.jar:/Users/zeroffa/.m2/repository/org/apache/xmlbeans/xmlbeans/3.1.0/xmlbeans-3.1.0.jar:/Users/zeroffa/.m2/repository/org/apache/commons/commons-csv/1.8/commons-csv-1.8.jar:/Users/zeroffa/.m2/repository/org/ehcache/ehcache/3.9.9/ehcache-3.9.9.jar:/Users/zeroffa/.m2/repository/commons-io/commons-io/2.11.0/commons-io-2.11.0.jar:/Users/zeroffa/.m2/repository/commons-logging/commons-logging/1.2/commons-logging-1.2.jar:/Users/zeroffa/.m2/repository/org/projectlombok/lombok/1.18.32/lombok-1.18.32.jar:/Users/zeroffa/.m2/repository/org/junit/jupiter/junit-jupiter-api/5.9.1/junit-jupiter-api-5.9.1.jar:/Users/zeroffa/.m2/repository/org/opentest4j/opentest4j/1.2.0/opentest4j-1.2.0.jar:/Users/zeroffa/.m2/repository/org/junit/platform/junit-platform-commons/1.9.1/junit-platform-commons-1.9.1.jar:/Users/zeroffa/.m2/repository/org/apiguardian/apiguardian-api/1.1.2/apiguardian-api-1.1.2.jar:/Users/zeroffa/.m2/repository/org/junit/jupiter/junit-jupiter-engine/5.9.1/junit-jupiter-engine-5.9.1.jar:/Users/zeroffa/.m2/repository/org/junit/platform/junit-platform-engine/1.9.1/junit-platform-engine-1.9.1.jar:"/>
    <property name="java.vm.vendor" value="Oracle Corporation"/>
    <property name="sun.arch.data.model" value="64"/>
    <property name="java.vendor.url" value="https://java.oracle.com/"/>
    <property name="user.timezone" value="Asia/Shanghai"/>
    <property name="os.name" value="Mac OS X"/>
    <property name="java.vm.specification.version" value="17"/>
    <property name="user.country" value="CN"/>
    <property name="sun.java.launcher" value="SUN_STANDARD"/>
    <property name="sun.boot.library.path" value="/Library/Java/JavaVirtualMachines/jdk-17.jdk/Contents/Home/lib"/>
    <property name="sun.java.command" value="/Users/zeroffa/AwesomeVirtualCampus/Origin_VCampus_Maven/server/target/surefire/surefirebooter-20250903183824774_3.jar /Users/zeroffa/AwesomeVirtualCampus/Origin_VCampus_Maven/server/target/surefire 2025-09-03T18-38-24_735-jvmRun1 surefire-20250903183824774_1tmp surefire_0-20250903183824774_2tmp"/>
    <property name="http.nonProxyHosts" value="127.0.0.1|192.168.0.0/16|*.192.168.0.0/16|10.0.0.0/8|*.10.0.0.0/8|172.16.0.0/12|*.172.16.0.0/12|172.29.0.0/16|*.172.29.0.0/16|localhost|*.localhost|local|*.local|crashlytics.com|*.crashlytics.com|&lt;local&gt;|*.&lt;local&gt;"/>
    <property name="jdk.debug" value="release"/>
    <property name="surefire.test.class.path" value="/Users/zeroffa/AwesomeVirtualCampus/Origin_VCampus_Maven/server/target/test-classes:/Users/zeroffa/AwesomeVirtualCampus/Origin_VCampus_Maven/server/target/classes:/Users/zeroffa/.m2/repository/io/netty/netty-all/4.1.97.Final/netty-all-4.1.97.Final.jar:/Users/zeroffa/.m2/repository/io/netty/netty-buffer/4.1.97.Final/netty-buffer-4.1.97.Final.jar:/Users/zeroffa/.m2/repository/io/netty/netty-codec/4.1.97.Final/netty-codec-4.1.97.Final.jar:/Users/zeroffa/.m2/repository/io/netty/netty-codec-dns/4.1.97.Final/netty-codec-dns-4.1.97.Final.jar:/Users/zeroffa/.m2/repository/io/netty/netty-codec-haproxy/4.1.97.Final/netty-codec-haproxy-4.1.97.Final.jar:/Users/zeroffa/.m2/repository/io/netty/netty-codec-http/4.1.97.Final/netty-codec-http-4.1.97.Final.jar:/Users/zeroffa/.m2/repository/io/netty/netty-codec-http2/4.1.97.Final/netty-codec-http2-4.1.97.Final.jar:/Users/zeroffa/.m2/repository/io/netty/netty-codec-memcache/4.1.97.Final/netty-codec-memcache-4.1.97.Final.jar:/Users/zeroffa/.m2/repository/io/netty/netty-codec-mqtt/4.1.97.Final/netty-codec-mqtt-4.1.97.Final.jar:/Users/zeroffa/.m2/repository/io/netty/netty-codec-redis/4.1.97.Final/netty-codec-redis-4.1.97.Final.jar:/Users/zeroffa/.m2/repository/io/netty/netty-codec-smtp/4.1.97.Final/netty-codec-smtp-4.1.97.Final.jar:/Users/zeroffa/.m2/repository/io/netty/netty-codec-socks/4.1.97.Final/netty-codec-socks-4.1.97.Final.jar:/Users/zeroffa/.m2/repository/io/netty/netty-codec-stomp/4.1.97.Final/netty-codec-stomp-4.1.97.Final.jar:/Users/zeroffa/.m2/repository/io/netty/netty-codec-xml/4.1.97.Final/netty-codec-xml-4.1.97.Final.jar:/Users/zeroffa/.m2/repository/io/netty/netty-common/4.1.97.Final/netty-common-4.1.97.Final.jar:/Users/zeroffa/.m2/repository/io/netty/netty-handler/4.1.97.Final/netty-handler-4.1.97.Final.jar:/Users/zeroffa/.m2/repository/io/netty/netty-transport-native-unix-common/4.1.97.Final/netty-transport-native-unix-common-4.1.97.Final.jar:/Users/zeroffa/.m2/repository/io/netty/netty-handler-proxy/4.1.97.Final/netty-handler-proxy-4.1.97.Final.jar:/Users/zeroffa/.m2/repository/io/netty/netty-handler-ssl-ocsp/4.1.97.Final/netty-handler-ssl-ocsp-4.1.97.Final.jar:/Users/zeroffa/.m2/repository/io/netty/netty-resolver/4.1.97.Final/netty-resolver-4.1.97.Final.jar:/Users/zeroffa/.m2/repository/io/netty/netty-resolver-dns/4.1.97.Final/netty-resolver-dns-4.1.97.Final.jar:/Users/zeroffa/.m2/repository/io/netty/netty-transport/4.1.97.Final/netty-transport-4.1.97.Final.jar:/Users/zeroffa/.m2/repository/io/netty/netty-transport-rxtx/4.1.97.Final/netty-transport-rxtx-4.1.97.Final.jar:/Users/zeroffa/.m2/repository/io/netty/netty-transport-sctp/4.1.97.Final/netty-transport-sctp-4.1.97.Final.jar:/Users/zeroffa/.m2/repository/io/netty/netty-transport-udt/4.1.97.Final/netty-transport-udt-4.1.97.Final.jar:/Users/zeroffa/.m2/repository/io/netty/netty-transport-classes-epoll/4.1.97.Final/netty-transport-classes-epoll-4.1.97.Final.jar:/Users/zeroffa/.m2/repository/io/netty/netty-transport-classes-kqueue/4.1.97.Final/netty-transport-classes-kqueue-4.1.97.Final.jar:/Users/zeroffa/.m2/repository/io/netty/netty-resolver-dns-classes-macos/4.1.97.Final/netty-resolver-dns-classes-macos-4.1.97.Final.jar:/Users/zeroffa/.m2/repository/io/netty/netty-transport-native-epoll/4.1.97.Final/netty-transport-native-epoll-4.1.97.Final-linux-x86_64.jar:/Users/zeroffa/.m2/repository/io/netty/netty-transport-native-epoll/4.1.97.Final/netty-transport-native-epoll-4.1.97.Final-linux-aarch_64.jar:/Users/zeroffa/.m2/repository/io/netty/netty-transport-native-kqueue/4.1.97.Final/netty-transport-native-kqueue-4.1.97.Final-osx-x86_64.jar:/Users/zeroffa/.m2/repository/io/netty/netty-transport-native-kqueue/4.1.97.Final/netty-transport-native-kqueue-4.1.97.Final-osx-aarch_64.jar:/Users/zeroffa/.m2/repository/io/netty/netty-resolver-dns-native-macos/4.1.97.Final/netty-resolver-dns-native-macos-4.1.97.Final-osx-x86_64.jar:/Users/zeroffa/.m2/repository/io/netty/netty-resolver-dns-native-macos/4.1.97.Final/netty-resolver-dns-native-macos-4.1.97.Final-osx-aarch_64.jar:/Users/zeroffa/.m2/repository/com/google/code/gson/gson/2.10.1/gson-2.10.1.jar:/Users/zeroffa/.m2/repository/org/slf4j/slf4j-api/2.0.7/slf4j-api-2.0.7.jar:/Users/zeroffa/.m2/repository/ch/qos/logback/logback-classic/1.4.11/logback-classic-1.4.11.jar:/Users/zeroffa/.m2/repository/ch/qos/logback/logback-core/1.4.11/logback-core-1.4.11.jar:/Users/zeroffa/.m2/repository/org/hibernate/orm/hibernate-core/6.2.7.Final/hibernate-core-6.2.7.Final.jar:/Users/zeroffa/.m2/repository/jakarta/persistence/jakarta.persistence-api/3.1.0/jakarta.persistence-api-3.1.0.jar:/Users/zeroffa/.m2/repository/jakarta/transaction/jakarta.transaction-api/2.0.1/jakarta.transaction-api-2.0.1.jar:/Users/zeroffa/.m2/repository/org/jboss/logging/jboss-logging/3.5.0.Final/jboss-logging-3.5.0.Final.jar:/Users/zeroffa/.m2/repository/org/hibernate/common/hibernate-commons-annotations/6.0.6.Final/hibernate-commons-annotations-6.0.6.Final.jar:/Users/zeroffa/.m2/repository/io/smallrye/jandex/3.0.5/jandex-3.0.5.jar:/Users/zeroffa/.m2/repository/com/fasterxml/classmate/1.5.1/classmate-1.5.1.jar:/Users/zeroffa/.m2/repository/net/bytebuddy/byte-buddy/1.12.18/byte-buddy-1.12.18.jar:/Users/zeroffa/.m2/repository/jakarta/xml/bind/jakarta.xml.bind-api/4.0.0/jakarta.xml.bind-api-4.0.0.jar:/Users/zeroffa/.m2/repository/jakarta/activation/jakarta.activation-api/2.1.0/jakarta.activation-api-2.1.0.jar:/Users/zeroffa/.m2/repository/org/glassfish/jaxb/jaxb-runtime/4.0.2/jaxb-runtime-4.0.2.jar:/Users/zeroffa/.m2/repository/org/glassfish/jaxb/jaxb-core/4.0.2/jaxb-core-4.0.2.jar:/Users/zeroffa/.m2/repository/org/eclipse/angus/angus-activation/2.0.0/angus-activation-2.0.0.jar:/Users/zeroffa/.m2/repository/org/glassfish/jaxb/txw2/4.0.2/txw2-4.0.2.jar:/Users/zeroffa/.m2/repository/com/sun/istack/istack-commons-runtime/4.1.1/istack-commons-runtime-4.1.1.jar:/Users/zeroffa/.m2/repository/jakarta/inject/jakarta.inject-api/2.0.1/jakarta.inject-api-2.0.1.jar:/Users/zeroffa/.m2/repository/org/antlr/antlr4-runtime/4.10.1/antlr4-runtime-4.10.1.jar:/Users/zeroffa/.m2/repository/com/mysql/mysql-connector-j/8.0.33/mysql-connector-j-8.0.33.jar:/Users/zeroffa/.m2/repository/com/google/protobuf/protobuf-java/3.21.9/protobuf-java-3.21.9.jar:/Users/zeroffa/.m2/repository/org/springframework/security/spring-security-crypto/6.1.3/spring-security-crypto-6.1.3.jar:/Users/zeroffa/.m2/repository/org/bouncycastle/bcprov-jdk18on/1.76/bcprov-jdk18on-1.76.jar:/Users/zeroffa/.m2/repository/com/fasterxml/jackson/core/jackson-databind/2.15.2/jackson-databind-2.15.2.jar:/Users/zeroffa/.m2/repository/com/fasterxml/jackson/core/jackson-annotations/2.15.2/jackson-annotations-2.15.2.jar:/Users/zeroffa/.m2/repository/com/fasterxml/jackson/core/jackson-core/2.15.2/jackson-core-2.15.2.jar:/Users/zeroffa/.m2/repository/com/alibaba/easyexcel/3.3.2/easyexcel-3.3.2.jar:/Users/zeroffa/.m2/repository/com/alibaba/easyexcel-core/3.3.2/easyexcel-core-3.3.2.jar:/Users/zeroffa/.m2/repository/com/alibaba/easyexcel-support/3.3.2/easyexcel-support-3.3.2.jar:/Users/zeroffa/.m2/repository/org/apache/poi/poi/4.1.2/poi-4.1.2.jar:/Users/zeroffa/.m2/repository/commons-codec/commons-codec/1.13/commons-codec-1.13.jar:/Users/zeroffa/.m2/repository/org/apache/commons/commons-collections4/4.4/commons-collections4-4.4.jar:/Users/zeroffa/.m2/repository/org/apache/commons/commons-math3/3.6.1/commons-math3-3.6.1.jar:/Users/zeroffa/.m2/repository/com/zaxxer/SparseBitSet/1.2/SparseBitSet-1.2.jar:/Users/zeroffa/.m2/repository/org/apache/poi/poi-ooxml/4.1.2/poi-ooxml-4.1.2.jar:/Users/zeroffa/.m2/repository/org/apache/commons/commons-compress/1.19/commons-compress-1.19.jar:/Users/zeroffa/.m2/repository/com/github/virtuald/curvesapi/1.06/curvesapi-1.06.jar:/Users/zeroffa/.m2/repository/org/apache/poi/poi-ooxml-schemas/4.1.2/poi-ooxml-schemas-4.1.2.jar:/Users/zeroffa/.m2/repository/org/apache/xmlbeans/xmlbeans/3.1.0/xmlbeans-3.1.0.jar:/Users/zeroffa/.m2/repository/org/apache/commons/commons-csv/1.8/commons-csv-1.8.jar:/Users/zeroffa/.m2/repository/org/ehcache/ehcache/3.9.9/ehcache-3.9.9.jar:/Users/zeroffa/.m2/repository/commons-io/commons-io/2.11.0/commons-io-2.11.0.jar:/Users/zeroffa/.m2/repository/commons-logging/commons-logging/1.2/commons-logging-1.2.jar:/Users/zeroffa/.m2/repository/org/projectlombok/lombok/1.18.32/lombok-1.18.32.jar:/Users/zeroffa/.m2/repository/org/junit/jupiter/junit-jupiter-api/5.9.1/junit-jupiter-api-5.9.1.jar:/Users/zeroffa/.m2/repository/org/opentest4j/opentest4j/1.2.0/opentest4j-1.2.0.jar:/Users/zeroffa/.m2/repository/org/junit/platform/junit-platform-commons/1.9.1/junit-platform-commons-1.9.1.jar:/Users/zeroffa/.m2/repository/org/apiguardian/apiguardian-api/1.1.2/apiguardian-api-1.1.2.jar:/Users/zeroffa/.m2/repository/org/junit/jupiter/junit-jupiter-engine/5.9.1/junit-jupiter-engine-5.9.1.jar:/Users/zeroffa/.m2/repository/org/junit/platform/junit-platform-engine/1.9.1/junit-platform-engine-1.9.1.jar:"/>
    <property name="sun.cpu.endian" value="little"/>
    <property name="user.home" value="/Users/zeroffa"/>
    <property name="user.language" value="en"/>
    <property name="java.specification.vendor" value="Oracle Corporation"/>
    <property name="java.version.date" value="2024-07-16"/>
    <property name="java.home" value="/Library/Java/JavaVirtualMachines/jdk-17.jdk/Contents/Home"/>
    <property name="file.separator" value="/"/>
    <property name="style.color" value="always"/>
    <property name="basedir" value="/Users/zeroffa/AwesomeVirtualCampus/Origin_VCampus_Maven/server"/>
    <property name="java.vm.compressedOopsMode" value="Zero based"/>
    <property name="line.separator" value="&#10;"/>
    <property name="java.vm.specification.vendor" value="Oracle Corporation"/>
    <property name="java.specification.name" value="Java Platform API Specification"/>
    <property name="surefire.real.class.path" value="/Users/zeroffa/AwesomeVirtualCampus/Origin_VCampus_Maven/server/target/surefire/surefirebooter-20250903183824774_3.jar"/>
    <property name="sun.management.compiler" value="HotSpot 64-Bit Tiered Compilers"/>
    <property name="ftp.nonProxyHosts" value="127.0.0.1|192.168.0.0/16|*.192.168.0.0/16|10.0.0.0/8|*.10.0.0.0/8|172.16.0.0/12|*.172.16.0.0/12|172.29.0.0/16|*.172.29.0.0/16|localhost|*.localhost|local|*.local|crashlytics.com|*.crashlytics.com|&lt;local&gt;|*.&lt;local&gt;"/>
    <property name="java.runtime.version" value="17.0.12+8-LTS-286"/>
    <property name="user.name" value="zeroffa"/>
    <property name="path.separator" value=":"/>
    <property name="os.version" value="15.6.1"/>
    <property name="java.runtime.name" value="Java(TM) SE Runtime Environment"/>
    <property name="file.encoding" value="UTF-8"/>
    <property name="java.vm.name" value="Java HotSpot(TM) 64-Bit Server VM"/>
    <property name="maven.ext.class.path" value="/Applications/IntelliJ IDEA.app/Contents/plugins/maven/lib/maven-event-listener.jar"/>
    <property name="localRepository" value="/Users/zeroffa/.m2/repository"/>
    <property name="java.vendor.url.bug" value="https://bugreport.java.com/bugreport/"/>
    <property name="java.io.tmpdir" value="/var/folders/qx/2q77j7k12bj11sj6lccm06_m0000gn/T/"/>
    <property name="idea.version" value="2025.2.1"/>
    <property name="java.version" value="17.0.12"/>
    <property name="user.dir" value="/Users/zeroffa/AwesomeVirtualCampus/Origin_VCampus_Maven/server"/>
    <property name="os.arch" value="aarch64"/>
    <property name="jansi.passthrough" value="true"/>
    <property name="java.vm.specification.name" value="Java Virtual Machine Specification"/>
    <property name="native.encoding" value="UTF-8"/>
    <property name="java.library.path" value="/Users/zeroffa/Library/Java/Extensions:/Library/Java/Extensions:/Network/Library/Java/Extensions:/System/Library/Java/Extensions:/usr/lib/java:."/>
    <property name="java.vm.info" value="mixed mode, sharing"/>
    <property name="java.vendor" value="Oracle Corporation"/>
    <property name="java.vm.version" value="17.0.12+8-LTS-286"/>
    <property name="sun.io.unicode.encoding" value="UnicodeBig"/>
    <property name="maven.repo.local" value="/Users/zeroffa/.m2/repository"/>
    <property name="socksNonProxyHosts" value="127.0.0.1|192.168.0.0/16|*.192.168.0.0/16|10.0.0.0/8|*.10.0.0.0/8|172.16.0.0/12|*.172.16.0.0/12|172.29.0.0/16|*.172.29.0.0/16|localhost|*.localhost|local|*.local|crashlytics.com|*.crashlytics.com|&lt;local&gt;|*.&lt;local&gt;"/>
    <property name="java.class.version" value="61.0"/>
  </properties>
  <testcase name="course" classname="IEntityTest" time="0.125"/>
  <testcase name="teachingClass" classname="IEntityTest" time="0.002"/>
</testsuite>